0 info it worked if it ends with ok
1 verbose cli [ '/usr/local/bin/node', '/usr/local/bin/npm', 'start' ]
2 info using npm@3.5.3
3 info using node@v5.2.0
4 verbose run-script [ 'prestart', 'start', 'poststart' ]
5 info lifecycle koynas-api@0.0.0~prestart: koynas-api@0.0.0
6 silly lifecycle koynas-api@0.0.0~prestart: no script for prestart, continuing
7 info lifecycle koynas-api@0.0.0~start: koynas-api@0.0.0
8 verbose lifecycle koynas-api@0.0.0~start: unsafe-perm in lifecycle true
9 verbose lifecycle koynas-api@0.0.0~start: PATH: /usr/local/lib/node_modules/npm/bin/node-gyp-bin:/home/kyle/Documents/koynas-api/node_modules/.bin:/usr/local/heroku/bin:/home/kyle/.rvm/gems/ruby-2.3.0/bin:/home/kyle/.rvm/gems/ruby-2.3.0@global/bin:/home/kyle/.rvm/rubies/ruby-2.3.0/bin:/usr/local/sbin:/usr/local/bin:/usr/sbin:/usr/bin:/sbin:/bin:/usr/games:/usr/local/games:/home/kyle/.rvm/bin:/home/kyle/.rvm/bin:/home/kyle/.rvm/bin:/home/kyle/.rvm/bin:/home/kyle/.rvm/bin:/home/kyle/.rvm/bin:/home/kyle/.rvm/bin:/home/kyle/.rvm/bin:/home/kyle/.rvm/bin
10 verbose lifecycle koynas-api@0.0.0~start: CWD: /home/kyle/Documents/koynas-api
11 silly lifecycle koynas-api@0.0.0~start: Args: [ '-c', 'supervisor ./bin/www' ]
12 silly lifecycle koynas-api@0.0.0~start: Returned: code: 1  signal: null
13 info lifecycle koynas-api@0.0.0~start: Failed to exec start script
14 verbose stack Error: koynas-api@0.0.0 start: `supervisor ./bin/www`
14 verbose stack Exit status 1
14 verbose stack     at EventEmitter.<anonymous> (/usr/local/lib/node_modules/npm/lib/utils/lifecycle.js:232:16)
14 verbose stack     at emitTwo (events.js:88:13)
14 verbose stack     at EventEmitter.emit (events.js:173:7)
14 verbose stack     at ChildProcess.<anonymous> (/usr/local/lib/node_modules/npm/lib/utils/spawn.js:24:14)
14 verbose stack     at emitTwo (events.js:88:13)
14 verbose stack     at ChildProcess.emit (events.js:173:7)
14 verbose stack     at maybeClose (internal/child_process.js:819:16)
14 verbose stack     at Process.ChildProcess._handle.onexit (internal/child_process.js:212:5)
15 verbose pkgid koynas-api@0.0.0
16 verbose cwd /home/kyle/Documents/koynas-api
17 error Linux 3.19.0-47-generic
18 error argv "/usr/local/bin/node" "/usr/local/bin/npm" "start"
19 error node v5.2.0
20 error npm  v3.5.3
21 error code ELIFECYCLE
22 error koynas-api@0.0.0 start: `supervisor ./bin/www`
22 error Exit status 1
23 error Failed at the koynas-api@0.0.0 start script 'supervisor ./bin/www'.
23 error Make sure you have the latest version of node.js and npm installed.
23 error If you do, this is most likely a problem with the koynas-api package,
23 error not with npm itself.
23 error Tell the author that this fails on your system:
23 error     supervisor ./bin/www
23 error You can get information on how to open an issue for this project with:
23 error     npm bugs koynas-api
23 error Or if that isn't available, you can get their info via:
23 error     npm owner ls koynas-api
23 error There is likely additional logging output above.
24 verbose exit [ 1, true ]
